### LOG STARTING AT Tue May 17 14:13:03 2016
[7m[2mInitializing mutexes...
[0m[7mMutexes initialized.
[0m[7mCreating sockets for UDP communication...
[0m[7mSocket for udp listening created.
[0m[7mBinding to port 4243 done.
[0m[7mSocket for udp sending created.
[0m[7mPreparing structure for receiver address...
[0m[7mSockets created.
[0m[7mSubscibing to multicast channel 225.0.0.1 on port 6666...
[0m[7mSubscribed to multicast channel.
[0m[7mWriting new entity...
[0m[7mEntity written.
[0m[7m[2mInitializing mutexes...
[0m[7mMutexes initialized.
[0m[7mStarting message manager...
[0m[7mMessage manager started.
[0m[7mStarting multidiffusion manager...
[0m[7mMessage manager launched.
[0m[7mMultidiffusion message started.
[0m[7mStarting ring tester...
[0m[7mRing tester started.
[0m[7mStarting insertion server...
[0m[7mInsertion server started.
[0m[7mStarting garbage collector for messages' list...
[0m[7mGarbage collector started.
[0m[7mRing created.
[0m[7mInsertion server: waiting for client...
[0m[4mPackets sent:[0m
WHOS BGo9p3sK
[4mPacket received:
[0mWHOS BGo9p3sK
Parsing WHOS message BGo9p3sK...
Executing action WHOS.
[4mWHOS:[0m message already seen, nothing to do.
[4mPackets sent:[0m
WHOS 7TVG7YBi
[4mPacket received:
[0mWHOS 7TVG7YBi
Parsing WHOS message 7TVG7YBi...
Executing action WHOS.
[4mWHOS:[0m message already seen, nothing to do.
[4mPackets sent:[0m
WHOS ZCZRz5vY
[4mPacket received:
[0mWHOS ZCZRz5vY
Parsing WHOS message ZCZRz5vY...
Executing action WHOS.
[4mWHOS:[0m message already seen, nothing to do.
[4mPackets sent:[0m
WHOS TuTrci8e
[4mPacket received:
[0mWHOS TuTrci8e
Parsing WHOS message TuTrci8e...
Executing action WHOS.
[4mWHOS:[0m message already seen, nothing to do.
[4mPackets sent:[0m
WHOS EEjDs9Bd
[4mPacket received:
[0mWHOS EEjDs9Bd
Parsing WHOS message EEjDs9Bd...
Executing action WHOS.
[4mWHOS:[0m message already seen, nothing to do.
Quitting process for ring 0...
Quitting solo ring...
[7mRing 0 quit.
[0mLast ring quit.
[7mClosing threads...
[0m[7mClosing ring tester...
[0m[7mRing tester closed.
[0m[7mClosing message manager...
[0m[7mClosing message manager thread...
[0m[7mMessage manager thread closed.
[0m[7mClosing UDP listening socket...
[0m[7mUDP listening socket closed.
[0m[7mClosing UDP sending socket...
[0m[7mUDP sending socket closed.
[0m[7mMessage manager closed.
[0m[7mClosing multidiffusion message manager...
[0m[7mMultidiffusion message manager closed.
[0m[7m[7mClosing TCP server...
[0m[7mClosing TCP server thread...
[0m[7m[7mTCP server thread closed.
[0m[7mClosing TCP socket...
[0m[7mTCP socket closed.
[0m[7mTCP server closed.
[0m[7mClosing garbage collector...
[0m[7mGarbage collector closed.
[0m[7mThreads closed.
[0mEnd of quitting process.
### LOG STARTING AT Tue May 17 14:14:44 2016
[7m[2mInitializing mutexes...
[0m[7mMutexes initialized.
[0m[7mCreating sockets for UDP communication...
[0m[7mSocket for udp listening created.
[0m[7mBinding to port 4243 done.
[0m[7mSocket for udp sending created.
[0m[7mPreparing structure for receiver address...
[0m[7mSockets created.
[0m[7mSubscibing to multicast channel 225.0.0.1 on port 6666...
[0m[7mSubscribed to multicast channel.
[0m[7mWriting new entity...
[0m[7mEntity written.
[0m[7m[2mInitializing mutexes...
[0m[7mMutexes initialized.
[0m[7mStarting message manager...
[0m[7mMessage manager started.
[0m[7mStarting multidiffusion manager...
[0m[7mMultidiffusion message started.
[0m[7mStarting ring tester...
[0m[7mMessage manager launched.
[0m[7mRing tester started.
[0m[7mStarting insertion server...
[0m[7mInsertion server started.
[0m[7mStarting garbage collector for messages' list...
[0m[7mGarbage collector started.
[0m[7mRing created.
[0m[7mInsertion server: waiting for client...
[0m[4mPackets sent:[0m
WHOS UYEi3K4J
[4mPacket received:
[0mWHOS UYEi3K4J
Parsing WHOS message UYEi3K4J...
Executing action WHOS.
[4mWHOS:[0m message already seen, nothing to do.
[4mPackets sent:[0m
WHOS MTUVn7H3
[4mPacket received:
[0mWHOS MTUVn7H3
Parsing WHOS message MTUVn7H3...
Executing action WHOS.
[4mWHOS:[0m message already seen, nothing to do.
[4mPackets sent:[0m
WHOS gjXouZah
[4mPacket received:
[0mWHOS gjXouZah
Parsing WHOS message gjXouZah...
Executing action WHOS.
[4mWHOS:[0m message already seen, nothing to do.
[4mPackets sent:[0m
WHOS JzdX0VA3
[4mPacket received:
[0mWHOS JzdX0VA3
Parsing WHOS message JzdX0VA3...
Executing action WHOS.
[4mWHOS:[0m message already seen, nothing to do.
[7m4 idm saved in the list.
[0m[4mPackets sent:[0m
APPL 3Llmw1nH DIFF#### 005 hello
[4mPacket received:
[0mAPPL 3Llmw1nH DIFF#### 005 hello
Parsing APPL message 3Llmw1nH...
Executing action APPL.
Looking for APPL DIFF####.
APPL DIFF#### found.
Quitting process for ring 0...
Quitting solo ring...
[7mRing 0 quit.
[0mLast ring quit.
[7mClosing threads...
[0m[7mClosing ring tester...
[0m[7mRing tester closed.
[0m[7mClosing message manager...
[0m[7mClosing message manager thread...
[0m[7mMessage manager thread closed.
[0m[7mClosing UDP listening socket...
[0m[7mUDP listening socket closed.
[0m[7mClosing UDP sending socket...
[0m[7mUDP sending socket closed.
[0m[7mMessage manager closed.
[0m[7mClosing multidiffusion message manager...
[0m[7mMultidiffusion message manager closed.
[0m[7m[7mClosing TCP server...
[0m[7mClosing TCP server thread...
[0m[7m[7mTCP server thread closed.
[0m[7mClosing TCP socket...
[0m[7mTCP socket closed.
[0m[7mTCP server closed.
[0m[7mClosing garbage collector...
[0m[7mGarbage collector closed.
[0m[7mThreads closed.
[0mEnd of quitting process.
### LOG STARTING AT Wed May 18 00:04:42 2016
[7m[2mInitializing mutexes...
[0m[7mMutexes initialized.
[0m[7mCreating sockets for UDP communication...
[0m[7mSocket for udp listening created.
[0m[7mBinding to port 4243 done.
[0m[7mSocket for udp sending created.
[0m[7mPreparing structure for receiver address...
[0m[7mSockets created.
[0m[7mSubscibing to multicast channel 225.0.0.1 on port 6666...
[0m[7mSubscribed to multicast channel.
[0m[7mWriting new entity...
[0m[7mEntity written.
[0m[7m[2mInitializing mutexes...
[0m[7mMutexes initialized.
[0m[7mStarting message manager...
[0m[7mMessage manager started.
[0m[7mStarting multidiffusion manager...
[0m[7mMessage manager launched.
[0m[7mMultidiffusion message started.
[0m[7mStarting ring tester...
[0m[7mRing tester started.
[0m[7mStarting insertion server...
[0m[7mInsertion server started.
[0m[7mStarting garbage collector for messages' list...
[0m[7mInsertion server: waiting for client...
[0m[7mGarbage collector started.
[0m[7mRing created.
[0m[7m0 idm saved in the list.
[0m[4mPacket sent:[0m
TEST HDi3wjYv 225.000.000.001 6666
[7m1 idm saved in the list.
[0m[4mPacket received:
[0mTEST HDi3wjYv 225.000.000.001 6666
Parsing TEST message HDi3wjYv...
Executing action TEST.
[7m1 idm saved in the list.
[0m[7mInsertion server: connection established.
[0m[7mLocking access to entity...
[0m[7mAccess locked.
[0m[7mInsertion server: preparing WELC message...
[0m[7mInsertion server: sending "WELC 010.002.235.191 4243 225.000.000.001 6666
"...
[0m[7mInsertion server: message WELC sent->
[0m[7mInsertion server: waiting for NEWC message...
[0m[7mInsertion server: received : "NEWC 010.002.235.191 6868".
[0m[7mInsertion server: parsing NEWC message...
[0m[7mInsertion server: NEWC parsing successful.
[0m[7mInsertion server: actualizing socket informations for next entity...
[0m[7mPreparing structure for receiver address...
[0m[7mStructure prepared.
[0m[7mInsertion server: sending ACKC confirmation message...
[0m[7mInsertion server: message ACKC sent.
[0m[7mInsertion server: modifying current entity...
[0m[7mInsertion server: current entity :
               [4mself ip[0m - 010.002.235.191
                    [4mid[0m - Bryan
    [4mudp listening port[0m - 4243
    [4mtcp listening port[0m - 3333
     [4mip of next entity[0m - 010.002.235.191
   [4mport of next entity[0m - 4243
          [4mmultidiff ip[0m - 225.000.000.001
        [4mmultidiff port[0m - 6666

[0m[7mWriting new entity...
[0m[7mEntity written.
[0m[7mInsertion server: modified entity :
               [4mself ip[0m - 010.002.235.191
                    [4mid[0m - Bryan
    [4mudp listening port[0m - 4243
    [4mtcp listening port[0m - 3333
     [4mip of next entity[0m - 010.002.235.191
   [4mport of next entity[0m - 6868
          [4mmultidiff ip[0m - 225.000.000.001
        [4mmultidiff port[0m - 6666

[0m[7mCurrent structure replaced.
[0m[7mUnlocking access to entity...
[0m[7mAccess unlocked.
[0m[7mClosing connection...
[0m[7mConnection closed.
[0m[7mInsertion server: waiting for client...
[0m[7m1 idm saved in the list.
[0m[4mPacket sent:[0m
TEST r3NqPtl3 225.000.000.001 6666
[7m2 idm saved in the list.
[0mQuitting process for ring 0...
[4mPackets sent:[0m
GBYE en7PBFeq 010.002.235.191 4243 010.002.235.191 6868
Waiting for EYBG message...[7m3 idm saved in the list.
[0m### LOG STARTING AT Wed May 18 00:15:03 2016
[7m[2mInitializing mutexes...
[0m[7mMutexes initialized.
[0m[7mCreating sockets for UDP communication...
[0m[7mSocket for udp listening created.
[0m[7mBinding to port 4243 done.
[0m[7mSocket for udp sending created.
[0m[7mPreparing structure for receiver address...
[0m[7mSockets created.
[0m[7mSubscibing to multicast channel 225.0.0.1 on port 6666...
[0m[7mSubscribed to multicast channel.
[0m[7mWriting new entity...
[0m[7mEntity written.
[0m[7m[2mInitializing mutexes...
[0m[7mMutexes initialized.
[0m[7mStarting message manager...
[0m[7mMessage manager started.
[0m[7mStarting multidiffusion manager...
[0m[7mMultidiffusion message started.
[0m[7mStarting ring tester...
[0m[7mMessage manager launched.
[0m[7mRing tester started.
[0m[7mStarting insertion server...
[0m[7mInsertion server started.
[0m[7mStarting garbage collector for messages' list...
[0m[7mGarbage collector started.
[0m[7mInsertion server: waiting for client...
[0m[7mRing created.
[0m[7m0 idm saved in the list.
[0m### LOG STARTING AT Wed May 18 00:15:18 2016
[7m[2mInitializing mutexes...
[0m[7mMutexes initialized.
[0m[7mCreating sockets for UDP communication...
[0m[7mSocket for udp listening created.
[0m[4mPacket sent:[0m
TEST 0yAYbDnF 225.000.000.001 6666
[7m1 idm saved in the list.
[0m[4mPacket received:
[0mTEST 0yAYbDnF 225.000.000.001 6666
Parsing TEST message 0yAYbDnF...
Executing action TEST.
[7mInsertion server: connection established.
[0m[7mLocking access to entity...
[0m[7mAccess locked.
[0m[7mInsertion server: preparing WELC message...
[0m[7mInsertion server: sending "WELC 010.002.235.191 4243 225.000.000.001 6666
"...
[0m[7mInsertion server: message WELC sent->
[0m[7mInsertion server: waiting for NEWC message...
[0m[7mInsertion server: received : "NEWC 010.002.235.191 6868".
[0m[7mInsertion server: parsing NEWC message...
[0m[7mInsertion server: NEWC parsing successful.
[0m[7mInsertion server: actualizing socket informations for next entity...
[0m[7mPreparing structure for receiver address...
[0m[7mStructure prepared.
[0m[7mInsertion server: sending ACKC confirmation message...
[0m[7mInsertion server: message ACKC sent.
[0m[7mInsertion server: modifying current entity...
[0m[7mInsertion server: current entity : [0m
               [4mself ip[0m - 010.002.235.191
                    [4mid[0m - Bryan
    [4mudp listening port[0m - 4243
    [4mtcp listening port[0m - 3333
     [4mip of next entity[0m - 010.002.235.191
   [4mport of next entity[0m - 4243
          [4mmultidiff ip[0m - 225.000.000.001
        [4mmultidiff port[0m - 6666

[7mWriting new entity...
[0m[7mEntity written.
[0m[7mInsertion server: modified entity :[0m
               [4mself ip[0m - 010.002.235.191
                    [4mid[0m - Bryan
    [4mudp listening port[0m - 4243
    [4mtcp listening port[0m - 3333
     [4mip of next entity[0m - 010.002.235.191
   [4mport of next entity[0m - 6868
          [4mmultidiff ip[0m - 225.000.000.001
        [4mmultidiff port[0m - 6666

[7mCurrent structure replaced.
[0m[7mUnlocking access to entity...
[0m[7mAccess unlocked.
[0m[7mClosing connection...
[0m[7mConnection closed.
[0m[7mInsertion server: waiting for client...
[0m[7m1 idm saved in the list.
[0m[7m2 idm saved in the list.
[0m[4mPacket sent:[0m
TEST 2uqj8Q2A 225.000.000.001 6666
